<?xml version="1.0" encoding="UTF-8"?>
<testsuite xmlns:xsi="http://www.w3.org/2001/XMLSchema-instance" xsi:noNamespaceSchemaLocation="https://maven.apache.org/surefire/maven-surefire-plugin/xsd/surefire-test-report-3.0.xsd" version="3.0" name="ValidatorTest" time="0.001" tests="21" errors="0" skipped="0" failures="0">
  <properties>
    <property name="java.specification.version" value="17"/>
    <property name="sun.cpu.isalist" value="amd64"/>
    <property name="sun.jnu.encoding" value="Cp1252"/>
    <property name="java.class.path" value="C:\Users\brain\IdeaProjects\webITMO\WebLab3\target\test-classes;C:\Users\brain\IdeaProjects\webITMO\WebLab3\target\classes;C:\Users\brain\.m2\repository\junit\junit\4.13.1\junit-4.13.1.jar;C:\Users\brain\.m2\repository\org\hamcrest\hamcrest-core\1.3\hamcrest-core-1.3.jar;C:\Users\brain\.m2\repository\jakarta\servlet\jakarta.servlet-api\5.0.0\jakarta.servlet-api-5.0.0.jar;C:\Users\brain\.m2\repository\jakarta\inject\jakarta.inject-api\2.0.1.MR\jakarta.inject-api-2.0.1.MR.jar;C:\Users\brain\.m2\repository\jakarta\enterprise\jakarta.enterprise.cdi-api\3.0.0\jakarta.enterprise.cdi-api-3.0.0.jar;C:\Users\brain\.m2\repository\jakarta\el\jakarta.el-api\4.0.0\jakarta.el-api-4.0.0.jar;C:\Users\brain\.m2\repository\jakarta\interceptor\jakarta.interceptor-api\2.0.0\jakarta.interceptor-api-2.0.0.jar;C:\Users\brain\.m2\repository\jakarta\annotation\jakarta.annotation-api\2.0.0\jakarta.annotation-api-2.0.0.jar;C:\Users\brain\.m2\repository\jakarta\faces\jakarta.faces-api\4.0.0\jakarta.faces-api-4.0.0.jar;C:\Users\brain\.m2\repository\jakarta\transaction\jakarta.transaction-api\2.0.1\jakarta.transaction-api-2.0.1.jar;C:\Users\brain\.m2\repository\org\postgresql\postgresql\42.7.4\postgresql-42.7.4.jar;C:\Users\brain\.m2\repository\org\checkerframework\checker-qual\3.42.0\checker-qual-3.42.0.jar;C:\Users\brain\.m2\repository\jakarta\ejb\jakarta.ejb-api\4.0.1\jakarta.ejb-api-4.0.1.jar;C:\Users\brain\.m2\repository\org\primefaces\primefaces\12.0.0\primefaces-12.0.0-jakarta.jar;"/>
    <property name="java.vm.vendor" value="Oracle Corporation"/>
    <property name="sun.arch.data.model" value="64"/>
    <property name="user.variant" value=""/>
    <property name="java.vendor.url" value="https://java.oracle.com/"/>
    <property name="user.timezone" value="Europe/Moscow"/>
    <property name="os.name" value="Windows 11"/>
    <property name="java.vm.specification.version" value="17"/>
    <property name="sun.java.launcher" value="SUN_STANDARD"/>
    <property name="user.country" value="RU"/>
    <property name="sun.boot.library.path" value="C:\Program Files\Java\jdk-17\bin"/>
    <property name="sun.java.command" value="C:\Users\brain\AppData\Local\Temp\surefire15154776037737106235\surefirebooter-20250401222339635_3.jar C:\Users\brain\AppData\Local\Temp\surefire15154776037737106235 2025-04-01T22-23-39_498-jvmRun1 surefire-20250401222339635_1tmp surefire_0-20250401222339635_2tmp"/>
    <property name="jdk.debug" value="release"/>
    <property name="surefire.test.class.path" value="C:\Users\brain\IdeaProjects\webITMO\WebLab3\target\test-classes;C:\Users\brain\IdeaProjects\webITMO\WebLab3\target\classes;C:\Users\brain\.m2\repository\junit\junit\4.13.1\junit-4.13.1.jar;C:\Users\brain\.m2\repository\org\hamcrest\hamcrest-core\1.3\hamcrest-core-1.3.jar;C:\Users\brain\.m2\repository\jakarta\servlet\jakarta.servlet-api\5.0.0\jakarta.servlet-api-5.0.0.jar;C:\Users\brain\.m2\repository\jakarta\inject\jakarta.inject-api\2.0.1.MR\jakarta.inject-api-2.0.1.MR.jar;C:\Users\brain\.m2\repository\jakarta\enterprise\jakarta.enterprise.cdi-api\3.0.0\jakarta.enterprise.cdi-api-3.0.0.jar;C:\Users\brain\.m2\repository\jakarta\el\jakarta.el-api\4.0.0\jakarta.el-api-4.0.0.jar;C:\Users\brain\.m2\repository\jakarta\interceptor\jakarta.interceptor-api\2.0.0\jakarta.interceptor-api-2.0.0.jar;C:\Users\brain\.m2\repository\jakarta\annotation\jakarta.annotation-api\2.0.0\jakarta.annotation-api-2.0.0.jar;C:\Users\brain\.m2\repository\jakarta\faces\jakarta.faces-api\4.0.0\jakarta.faces-api-4.0.0.jar;C:\Users\brain\.m2\repository\jakarta\transaction\jakarta.transaction-api\2.0.1\jakarta.transaction-api-2.0.1.jar;C:\Users\brain\.m2\repository\org\postgresql\postgresql\42.7.4\postgresql-42.7.4.jar;C:\Users\brain\.m2\repository\org\checkerframework\checker-qual\3.42.0\checker-qual-3.42.0.jar;C:\Users\brain\.m2\repository\jakarta\ejb\jakarta.ejb-api\4.0.1\jakarta.ejb-api-4.0.1.jar;C:\Users\brain\.m2\repository\org\primefaces\primefaces\12.0.0\primefaces-12.0.0-jakarta.jar;"/>
    <property name="sun.cpu.endian" value="little"/>
    <property name="user.home" value="C:\Users\brain"/>
    <property name="user.language" value="ru"/>
    <property name="java.specification.vendor" value="Oracle Corporation"/>
    <property name="java.version.date" value="2024-01-16"/>
    <property name="java.home" value="C:\Program Files\Java\jdk-17"/>
    <property name="file.separator" value="\"/>
    <property name="basedir" value="C:\Users\brain\IdeaProjects\webITMO\WebLab3"/>
    <property name="java.vm.compressedOopsMode" value="Zero based"/>
    <property name="line.separator" value="&#10;"/>
    <property name="java.vm.specification.vendor" value="Oracle Corporation"/>
    <property name="java.specification.name" value="Java Platform API Specification"/>
    <property name="surefire.real.class.path" value="C:\Users\brain\AppData\Local\Temp\surefire15154776037737106235\surefirebooter-20250401222339635_3.jar"/>
    <property name="user.script" value=""/>
    <property name="sun.management.compiler" value="HotSpot 64-Bit Tiered Compilers"/>
    <property name="java.runtime.version" value="17.0.10+11-LTS-240"/>
    <property name="user.name" value="brain"/>
    <property name="path.separator" value=";"/>
    <property name="os.version" value="10.0"/>
    <property name="java.runtime.name" value="Java(TM) SE Runtime Environment"/>
    <property name="file.encoding" value="Cp1252"/>
    <property name="java.vm.name" value="Java HotSpot(TM) 64-Bit Server VM"/>
    <property name="localRepository" value="C:\Users\brain\.m2\repository"/>
    <property name="java.vendor.url.bug" value="https://bugreport.java.com/bugreport/"/>
    <property name="java.io.tmpdir" value="C:\Users\brain\AppData\Local\Temp\"/>
    <property name="idea.version" value="2024.3.2.2"/>
    <property name="java.version" value="17.0.10"/>
    <property name="user.dir" value="C:\Users\brain\IdeaProjects\webITMO\WebLab3"/>
    <property name="os.arch" value="amd64"/>
    <property name="java.vm.specification.name" value="Java Virtual Machine Specification"/>
    <property name="sun.os.patch.level" value=""/>
    <property name="native.encoding" value="Cp1252"/>
    <property name="java.library.path" value="C:\Program Files\Java\jdk-17\bin;C:\WINDOWS\Sun\Java\bin;C:\WINDOWS\system32;C:\WINDOWS;c:\Users\brain\AppData\Local\Programs\cursor\resources\app\bin;C:\Program Files (x86)\Microsoft\Edge\Application;C:\Program Files\Common Files\Oracle\Java\javapath;C:\Windows\system32;C:\Windows;C:\Windows\System32\Wbem;C:\Windows\System32\WindowsPowerShell\v1.0\;C:\Windows\System32\OpenSSH\;C:\Program Files (x86)\NVIDIA Corporation\PhysX\Common;C:\Program Files\NVIDIA Corporation\NVIDIA NvDLISR;C:\WINDOWS\system32;C:\WINDOWS;C:\WINDOWS\System32\Wbem;C:\WINDOWS\System32\WindowsPowerShell\v1.0\;C:\WINDOWS\System32\OpenSSH\;C:\Program Files\Java\jdk-20\bin;C:\Program Files\nodejs\;C:\Program Files\PuTTY\;C:\Program Files\Git\cmd;C:\Program Files\Docker\Docker\resources\bin;C:\Users\brain\AppData\Local\Programs\Python\Python313\Scripts\;C:\Users\brain\AppData\Local\Programs\Python\Python313\;C:\Program Files\MySQL\MySQL Shell 8.0\bin\;C:\Users\brain\AppData\Local\Microsoft\WindowsApps;C:\Users\brain\AppData\Local\Programs\MiKTeX\miktex\bin\x64\;C:\Program Files\MySQL\MySQL Server 8.0\bin\;C:\Users\brain\AppData\;c:\Users\brain\AppData\Local\Programs\cursor\resources\app\bin;C:\Users\brain\AppData\Local\Programs\Python\Python313\Scripts\;C:\Users\brain\AppData\Local\Programs\Python\Python313\;C:\Program Files\MySQL\MySQL Shell 8.0\bin\;C:\Users\brain\AppData\Local\Microsoft\WindowsApps;C:\Users\brain\AppData\Local\Programs\MiKTeX\miktex\bin\x64\;C:\Program Files\MySQL\MySQL Server 8.0\bin\;C:\Users\brain\AppData\Local\Programs\Microsoft VS Code\bin;C:\Users\brain\AppData\Roaming\npm;C:\Users\brain\AppData\Local\GitHubDesktop\bin;C:\Program Files\JetBrains\CLion 2024.1\bin;;C:\Program Files\JetBrains\WebStorm 2023.3.4\bin;;C:\Program Files\JetBrains\PyCharm 2024.3.1\bin;;C:\Program Files\JetBrains\IntelliJ IDEA 2024.3.2.2\bin;;C:\Users\brain\AppData\Local\Programs\cursor\resources\app\bin;C:\Program Files\Apache Ant\apache-ant-1.10.15\bin;;."/>
    <property name="java.vm.info" value="mixed mode, sharing"/>
    <property name="java.vendor" value="Oracle Corporation"/>
    <property name="java.vm.version" value="17.0.10+11-LTS-240"/>
    <property name="sun.io.unicode.encoding" value="UnicodeLittle"/>
    <property name="java.class.version" value="61.0"/>
  </properties>
  <testcase name="testValidateForm[0]" classname="ValidatorTest" time="0.0"/>
  <testcase name="testValidateForm[1]" classname="ValidatorTest" time="0.0"/>
  <testcase name="testValidateForm[2]" classname="ValidatorTest" time="0.0"/>
  <testcase name="testValidateForm[3]" classname="ValidatorTest" time="0.0"/>
  <testcase name="testValidateForm[4]" classname="ValidatorTest" time="0.0"/>
  <testcase name="testValidateForm[5]" classname="ValidatorTest" time="0.0"/>
  <testcase name="testValidateForm[6]" classname="ValidatorTest" time="0.0"/>
  <testcase name="testValidateForm[7]" classname="ValidatorTest" time="0.0"/>
  <testcase name="testValidateForm[8]" classname="ValidatorTest" time="0.0"/>
  <testcase name="testValidateForm[9]" classname="ValidatorTest" time="0.0"/>
  <testcase name="testValidateForm[10]" classname="ValidatorTest" time="0.0"/>
  <testcase name="testValidateForm[11]" classname="ValidatorTest" time="0.0"/>
  <testcase name="testValidateForm[12]" classname="ValidatorTest" time="0.0"/>
  <testcase name="testValidateForm[13]" classname="ValidatorTest" time="0.0"/>
  <testcase name="testValidateForm[14]" classname="ValidatorTest" time="0.0"/>
  <testcase name="testValidateForm[15]" classname="ValidatorTest" time="0.0"/>
  <testcase name="testValidateForm[16]" classname="ValidatorTest" time="0.0"/>
  <testcase name="testValidateForm[17]" classname="ValidatorTest" time="0.0"/>
  <testcase name="testValidateForm[18]" classname="ValidatorTest" time="0.0"/>
  <testcase name="testValidateForm[19]" classname="ValidatorTest" time="0.0"/>
  <testcase name="testValidateForm[20]" classname="ValidatorTest" time="0.0"/>
</testsuite>